<html xmlns:string="xalan://java.lang.String" xmlns:lxslt="http://xml.apache.org/xslt">
<head>
<META http-equiv="Content-Type" content="text/html; charset=UTF-8">
<title>Unit Test Results: smoketest.TestSuitelivestrong</title>
<link rel="stylesheet" type="text/css" title="Style" href="../stylesheet.css">
<script type="text/javascript" language="JavaScript">
        var TestCases = new Array();
        var cur;
        
    cur = TestCases['smoketest.TestSuitelivestrong'] = new Array();
    
        cur['ant.core.lib'] = 'D:\\apache-ant-1.9.4\\lib\\ant.jar';
    
        cur['ant.file'] = 'E:\\Livestrong\\build.xml';
    
        cur['ant.file.livestrong'] = 'E:\\Livestrong\\build.xml';
    
        cur['ant.file.type'] = 'file';
    
        cur['ant.file.type.livestrong'] = 'file';
    
        cur['ant.home'] = 'D:\\apache-ant-1.9.4';
    
        cur['ant.java.version'] = '1.8';
    
        cur['ant.library.dir'] = 'D:\\apache-ant-1.9.4\\lib';
    
        cur['ant.project.default-target'] = 'livestrong_prod';
    
        cur['ant.project.invoked-targets'] = 'livestrong_stage02';
    
        cur['ant.project.name'] = 'livestrong';
    
        cur['ant.version'] = 'Apache Ant(TM) version 1.9.4 compiled on April 29 2014';
    
        cur['awt.toolkit'] = 'sun.awt.windows.WToolkit';
    
        cur['basedir'] = 'E:\\Livestrong';
    
        cur['build'] = 'E:\\Livestrong\\build';
    
        cur['build.classes'] = 'E:\\Livestrong\\build\\classes';
    
        cur['file.encoding'] = 'Cp1252';
    
        cur['file.encoding.pkg'] = 'sun.io';
    
        cur['file.separator'] = '\\';
    
        cur['height'] = '778';
    
        cur['java.awt.graphicsenv'] = 'sun.awt.Win32GraphicsEnvironment';
    
        cur['java.awt.printerjob'] = 'sun.awt.windows.WPrinterJob';
    
        cur['java.class.path'] = 'E:\\Livestrong\\lib\\selenium-2.46.0\\selenium-java-2.53.0-srcs.jar;E:\\Livestrong\\lib\\selenium-2.46.0\\selenium-java-2.53.0.jar;E:\\Livestrong\\lib\\selenium-2.46.0\\libs\\apache-mime4j-0.6.jar;E:\\Livestrong\\lib\\selenium-2.46.0\\libs\\bsh-2.0b4.jar;E:\\Livestrong\\lib\\selenium-2.46.0\\libs\\cglib-nodep-2.1_3.jar;E:\\Livestrong\\lib\\selenium-2.46.0\\libs\\commons-codec-1.10.jar;E:\\Livestrong\\lib\\selenium-2.46.0\\libs\\commons-exec-1.3.jar;E:\\Livestrong\\lib\\selenium-2.46.0\\libs\\commons-io-2.4.jar;E:\\Livestrong\\lib\\selenium-2.46.0\\libs\\commons-logging-1.2.jar;E:\\Livestrong\\lib\\selenium-2.46.0\\libs\\gson-2.3.1.jar;E:\\Livestrong\\lib\\selenium-2.46.0\\libs\\guava-19.0.jar;E:\\Livestrong\\lib\\selenium-2.46.0\\libs\\hamcrest-core-1.3.jar;E:\\Livestrong\\lib\\selenium-2.46.0\\libs\\hamcrest-library-1.3.jar;E:\\Livestrong\\lib\\selenium-2.46.0\\libs\\httpclient-4.5.1.jar;E:\\Livestrong\\lib\\selenium-2.46.0\\libs\\httpcore-4.4.3.jar;E:\\Livestrong\\lib\\selenium-2.46.0\\libs\\httpmime-4.5.jar;E:\\Livestrong\\lib\\selenium-2.46.0\\libs\\jcommander-1.48.jar;E:\\Livestrong\\lib\\selenium-2.46.0\\libs\\jna-4.1.0.jar;E:\\Livestrong\\lib\\selenium-2.46.0\\libs\\jna-platform-4.1.0.jar;E:\\Livestrong\\lib\\selenium-2.46.0\\libs\\junit-4.12.jar;E:\\Livestrong\\lib\\selenium-2.46.0\\libs\\netty-3.5.7.Final.jar;E:\\Livestrong\\lib\\selenium-2.46.0\\libs\\phantomjsdriver-1.2.1.jar;E:\\Livestrong\\lib\\selenium-2.46.0\\libs\\testng-6.9.9.jar;E:\\Livestrong\\build\\classes;D:\\apache-ant-1.9.4\\lib\\ant-launcher.jar;D:\\apache-ant-1.9.4\\lib\\ant.jar;D:\\apache-ant-1.9.4\\lib\\ant-junit.jar;D:\\apache-ant-1.9.4\\lib\\ant-junit4.jar';
    
        cur['java.class.version'] = '52.0';
    
        cur['java.endorsed.dirs'] = 'C:\\Program Files\\Java\\jdk1.8.0_131\\jre\\lib\\endorsed';
    
        cur['java.ext.dirs'] = 'C:\\Program Files\\Java\\jdk1.8.0_131\\jre\\lib\\ext;C:\\Windows\\Sun\\Java\\lib\\ext';
    
        cur['java.home'] = 'C:\\Program Files\\Java\\jdk1.8.0_131\\jre';
    
        cur['java.io.tmpdir'] = 'C:\\Users\\PRODIG~1\\AppData\\Local\\Temp\\';
    
        cur['java.library.path'] = 'C:\\Program Files\\Java\\jdk1.8.0_131\\jre\\bin;C:\\Windows\\Sun\\Java\\bin;C:\\Windows\\system32;C:\\Windows;C:\\ProgramData\\Oracle\\Java\\javapath;D:\\app\\prodigy21\\product\\11.2.0\\dbhome_1\\bin;C:\\Windows\\system32;C:\\Windows;C:\\Windows\\System32\\Wbem;C:\\Windows\\System32\\WindowsPowerShell\\v1.0\\;C:\\Program Files (x86)\\Microsoft SQL Server\\90\\Tools\\binn\\;C:\\Program Files (x86)\\Microsoft SQL Server\\80\\Tools\\BINN;D:\\apache-ant-1.9.4\\bin;C:\\Program Files\\OpenVPN\\bin;C:\\Program Files (x86)\\Java\\jdk1.7.0_79\\bin;C:\\Program Files\\Git\\cmd;C:\\Program Files\\Git\\mingw64\\bin;C:\\Program Files\\Git\\usr\\bin;C:\\Program Files\\Java\\jdk1.8.0_131\\bin;C:\\Program Files\\Java\\jdk1.8.0_131\\lib;.';
    
        cur['java.runtime.name'] = 'Java(TM) SE Runtime Environment';
    
        cur['java.runtime.version'] = '1.8.0_131-b11';
    
        cur['java.specification.name'] = 'Java Platform API Specification';
    
        cur['java.specification.vendor'] = 'Oracle Corporation';
    
        cur['java.specification.version'] = '1.8';
    
        cur['java.vendor'] = 'Oracle Corporation';
    
        cur['java.vendor.url'] = 'http://java.oracle.com/';
    
        cur['java.vendor.url.bug'] = 'http://bugreport.sun.com/bugreport/';
    
        cur['java.version'] = '1.8.0_131';
    
        cur['java.vm.info'] = 'mixed mode';
    
        cur['java.vm.name'] = 'Java HotSpot(TM) 64-Bit Server VM';
    
        cur['java.vm.specification.name'] = 'Java Virtual Machine Specification';
    
        cur['java.vm.specification.vendor'] = 'Oracle Corporation';
    
        cur['java.vm.specification.version'] = '1.8';
    
        cur['java.vm.vendor'] = 'Oracle Corporation';
    
        cur['java.vm.version'] = '25.131-b11';
    
        cur['lib'] = 'E:\\Livestrong\\lib';
    
        cur['line.separator'] = '\r\n';
    
        cur['os.arch'] = 'amd64';
    
        cur['os.name'] = 'Windows 7';
    
        cur['os.version'] = '6.1';
    
        cur['path.separator'] = ';';
    
        cur['sun.arch.data.model'] = '64';
    
        cur['sun.boot.class.path'] = 'C:\\Program Files\\Java\\jdk1.8.0_131\\jre\\lib\\resources.jar;C:\\Program Files\\Java\\jdk1.8.0_131\\jre\\lib\\rt.jar;C:\\Program Files\\Java\\jdk1.8.0_131\\jre\\lib\\sunrsasign.jar;C:\\Program Files\\Java\\jdk1.8.0_131\\jre\\lib\\jsse.jar;C:\\Program Files\\Java\\jdk1.8.0_131\\jre\\lib\\jce.jar;C:\\Program Files\\Java\\jdk1.8.0_131\\jre\\lib\\charsets.jar;C:\\Program Files\\Java\\jdk1.8.0_131\\jre\\lib\\jfr.jar;C:\\Program Files\\Java\\jdk1.8.0_131\\jre\\classes';
    
        cur['sun.boot.library.path'] = 'C:\\Program Files\\Java\\jdk1.8.0_131\\jre\\bin';
    
        cur['sun.cpu.endian'] = 'little';
    
        cur['sun.cpu.isalist'] = 'amd64';
    
        cur['sun.desktop'] = 'windows';
    
        cur['sun.io.unicode.encoding'] = 'UnicodeLittle';
    
        cur['sun.java.command'] = 'org.apache.tools.ant.taskdefs.optional.junit.JUnitTestRunner smoketest.TestSuitelivestrong skipNonTests=false filtertrace=false haltOnError=false haltOnFailure=false showoutput=false outputtoformatters=true logfailedtests=true threadid=0 logtestlistenerevents=false formatter=org.apache.tools.ant.taskdefs.optional.junit.XMLJUnitResultFormatter,E:\\Livestrong\\reports\\livestrongstage02\\TEST-smoketest.TestSuitelivestrong.xml crashfile=E:\\Livestrong\\junitvmwatcher7281611400763047652.properties propsfile=E:\\Livestrong\\junit4433070055068158646.properties';
    
        cur['sun.java.launcher'] = 'SUN_STANDARD';
    
        cur['sun.jnu.encoding'] = 'Cp1252';
    
        cur['sun.management.compiler'] = 'HotSpot 64-Bit Tiered Compilers';
    
        cur['sun.os.patch.level'] = 'Service Pack 1';
    
        cur['sun.stderr.encoding'] = 'cp437';
    
        cur['sun.stdout.encoding'] = 'cp437';
    
        cur['test.reports'] = 'E:\\Livestrong\\reports';
    
        cur['test.reports.livestrongprod'] = 'E:\\Livestrong\\reports\\livestrongprod';
    
        cur['test.reports.livestrongstage01'] = 'E:\\Livestrong\\reports\\livestrongstage01';
    
        cur['test.reports.livestrongstage02'] = 'E:\\Livestrong\\reports\\livestrongstage02';
    
        cur['test.src'] = 'E:\\Livestrong\\src';
    
        cur['user.country'] = 'US';
    
        cur['user.dir'] = 'E:\\Livestrong';
    
        cur['user.home'] = 'C:\\Users\\prodigy21';
    
        cur['user.language'] = 'en';
    
        cur['user.name'] = 'prodigy21';
    
        cur['user.script'] = '';
    
        cur['user.timezone'] = '';
    
        cur['user.variant'] = '';
    
        cur['width'] = '1240';
    </script><script type="text/javascript" language="JavaScript">
        function displayProperties (name) {
          var win = window.open('','JUnitSystemProperties','scrollbars=1,resizable=1');
          var doc = win.document;
          doc.open();
          doc.write("<html><head><title>Properties of " + name + "</title>");
          doc.write("<style type=\"text/css\">");
          doc.write("body {font:normal 68% verdana,arial,helvetica; color:#000000; }");
          doc.write("table tr td, table tr th { font-size: 68%; }");
          doc.write("table.properties { border-collapse:collapse; border-left:solid 1 #cccccc; border-top:solid 1 #cccccc; padding:5px; }");
          doc.write("table.properties th { text-align:left; border-right:solid 1 #cccccc; border-bottom:solid 1 #cccccc; background-color:#eeeeee; }");
          doc.write("table.properties td { font:normal; text-align:left; border-right:solid 1 #cccccc; border-bottom:solid 1 #cccccc; background-color:#fffffff; }");
          doc.write("h3 { margin-bottom: 0.5em; font: bold 115% verdana,arial,helvetica }");
          doc.write("</style>");
          doc.write("</head><body>");
          doc.write("<h3>Properties of " + name + "</h3>");
          doc.write("<div align=\"right\"><a href=\"javascript:window.close();\">Close</a></div>");
          doc.write("<table class='properties'>");
          doc.write("<tr><th>Name</th><th>Value</th></tr>");
          for (prop in TestCases[name]) {
            doc.write("<tr><th>" + prop + "</th><td>" + TestCases[name][prop] + "</td></tr>");
          }
          doc.write("</table>");
          doc.write("</body></html>");
          doc.close();
          win.focus();
        }
      
      </script>
</head>
<body>
<h1>Unit Test Results.</h1>
<table width="100%">
<tr>
<td align="left"></td><td align="right">Designed for use with <a href="http://www.junit.org/">JUnit</a> and <a href="http://ant.apache.org/">Ant</a>.</td>
</tr>
</table>
<hr size="1">
<h3>Class smoketest.TestSuitelivestrong</h3>
<table class="details" border="0" cellpadding="5" cellspacing="2" width="95%">
<tr valign="top">
<th width="80%">Name</th><th>Tests</th><th>Errors</th><th>Failures</th><th>Skipped</th><th nowrap>Time(s)</th><th nowrap>Time Stamp</th><th>Host</th>
</tr>
<tr valign="top" class="Failure">
<td><a title="Display all tests" href="0_TestSuitelivestrong.html">TestSuitelivestrong</a></td><td><a title="Display all tests" href="0_TestSuitelivestrong.html">6</a></td><td>0</td><td><a title="Display only failures" href="0_TestSuitelivestrong-fails.html">2</a></td><td>0</td><td>263.859</td><td>2017-10-18T08:32:24</td><td>prodigy22-PC</td>
</tr>
</table>
<h2>Failures</h2>
<table class="details" border="0" cellpadding="5" cellspacing="2" width="95%">
<tr valign="top">
<th>Name</th><th>Status</th><th width="80%">Type</th><th nowrap>Time(s)</th>
</tr>
<tr valign="top" class="Failure">
<td><a name="Tabbedarticle"></a>Tabbedarticle</td><td>Failure</td><td>'Read This Next' section title is missing on Tabbed Article Page org.openqa.selenium.StaleElementReferenceException: stale element reference: element is not attached to the page document
  (Session info: chrome=61.0.3163.100)
  (Driver info: chromedriver=2.29.461591 (62ebf098771772160f391d75e589dc567915b233),platform=Windows NT 6.1.7601 SP1 x86_64) (WARNING: The server did not provide any stacktrace information)
Command duration or timeout: 41 milliseconds
For documentation on this error, please visit: http://seleniumhq.org/exceptions/stale_element_reference.html
Build info: version: '2.53.0', revision: '35ae25b', time: '2016-03-15 16:57:40'
System info: host: 'prodigy22-PC', ip: '192.168.1.151', os.name: 'Windows 7', os.arch: 'amd64', os.version: '6.1', java.version: '1.8.0_131'
Driver info: org.openqa.selenium.chrome.ChromeDriver
Capabilities [{applicationCacheEnabled=false, rotatable=false, mobileEmulationEnabled=false, networkConnectionEnabled=false, chrome={chromedriverVersion=2.29.461591 (62ebf098771772160f391d75e589dc567915b233), userDataDir=C:\Users\PRODIG~1\AppData\Local\Temp\scoped_dir9624_30261}, takesHeapSnapshot=true, pageLoadStrategy=normal, databaseEnabled=false, handlesAlerts=true, hasTouchScreen=false, version=61.0.3163.100, platform=XP, browserConnectionEnabled=false, nativeEvents=true, acceptSslCerts=true, locationContextEnabled=true, webStorageEnabled=true, browserName=chrome, takesScreenshot=true, javascriptEnabled=true, cssSelectorsEnabled=true, unexpectedAlertBehaviour=}]
Session ID: 9d13426377651ce950a6549c225d4b30
<br>
<br>
<code>junit.framework.AssertionFailedError: 'Read This Next' section title is missing on Tabbed Article Page org.openqa.selenium.StaleElementReferenceException: stale element reference: element is not attached to the page document<br>  (Session info: chrome=61.0.3163.100)<br>  (Driver info: chromedriver=2.29.461591 (62ebf098771772160f391d75e589dc567915b233),platform=Windows NT 6.1.7601 SP1 x86_64) (WARNING: The server did not provide any stacktrace information)<br>Command duration or timeout: 41 milliseconds<br>For documentation on this error, please visit: http://seleniumhq.org/exceptions/stale_element_reference.html<br>Build info: version: '2.53.0', revision: '35ae25b', time: '2016-03-15 16:57:40'<br>System info: host: 'prodigy22-PC', ip: '192.168.1.151', os.name: 'Windows 7', os.arch: 'amd64', os.version: '6.1', java.version: '1.8.0_131'<br>Driver info: org.openqa.selenium.chrome.ChromeDriver<br>Capabilities [{applicationCacheEnabled=false, rotatable=false, mobileEmulationEnabled=false, networkConnectionEnabled=false, chrome={chromedriverVersion=2.29.461591 (62ebf098771772160f391d75e589dc567915b233), userDataDir=C:\Users\PRODIG~1\AppData\Local\Temp\scoped_dir9624_30261}, takesHeapSnapshot=true, pageLoadStrategy=normal, databaseEnabled=false, handlesAlerts=true, hasTouchScreen=false, version=61.0.3163.100, platform=XP, browserConnectionEnabled=false, nativeEvents=true, acceptSslCerts=true, locationContextEnabled=true, webStorageEnabled=true, browserName=chrome, takesScreenshot=true, javascriptEnabled=true, cssSelectorsEnabled=true, unexpectedAlertBehaviour=}]<br>Session ID: 9d13426377651ce950a6549c225d4b30<br>
<br>	at org.junit.Assert.fail(Assert.java:88)<br>	at org.junit.Assert.assertTrue(Assert.java:41)<br>	at smoketest.LivestrongTest.Tabbedarticle(Unknown Source)<br>	at sun.reflect.NativeMethodAccessorImpl.invoke0(Native Method)<br>	at sun.reflect.NativeMethodAccessorImpl.invoke(NativeMethodAccessorImpl.java:62)<br>	at sun.reflect.DelegatingMethodAccessorImpl.invoke(DelegatingMethodAccessorImpl.java:43)<br>	at java.lang.reflect.Method.invoke(Method.java:498)<br>	at org.junit.runners.model.FrameworkMethod$1.runReflectiveCall(FrameworkMethod.java:50)<br>	at org.junit.internal.runners.model.ReflectiveCallable.run(ReflectiveCallable.java:12)<br>	at org.junit.runners.model.FrameworkMethod.invokeExplosively(FrameworkMethod.java:47)<br>	at org.junit.internal.runners.statements.InvokeMethod.evaluate(InvokeMethod.java:17)<br>	at org.junit.internal.runners.statements.RunBefores.evaluate(RunBefores.java:26)<br>	at org.junit.runners.ParentRunner.runLeaf(ParentRunner.java:325)<br>	at org.junit.runners.BlockJUnit4ClassRunner.runChild(BlockJUnit4ClassRunner.java:78)<br>	at org.junit.runners.BlockJUnit4ClassRunner.runChild(BlockJUnit4ClassRunner.java:57)<br>	at org.junit.runners.ParentRunner$3.run(ParentRunner.java:290)<br>	at org.junit.runners.ParentRunner$1.schedule(ParentRunner.java:71)<br>	at org.junit.runners.ParentRunner.runChildren(ParentRunner.java:288)<br>	at org.junit.runners.ParentRunner.access$000(ParentRunner.java:58)<br>	at org.junit.runners.ParentRunner$2.evaluate(ParentRunner.java:268)<br>	at org.junit.internal.runners.statements.RunBefores.evaluate(RunBefores.java:26)<br>	at org.junit.internal.runners.statements.RunAfters.evaluate(RunAfters.java:27)<br>	at org.junit.runners.ParentRunner.run(ParentRunner.java:363)<br>	at org.junit.runners.Suite.runChild(Suite.java:128)<br>	at org.junit.runners.Suite.runChild(Suite.java:27)<br>	at org.junit.runners.ParentRunner$3.run(ParentRunner.java:290)<br>	at org.junit.runners.ParentRunner$1.schedule(ParentRunner.java:71)<br>	at org.junit.runners.ParentRunner.runChildren(ParentRunner.java:288)<br>	at org.junit.runners.ParentRunner.access$000(ParentRunner.java:58)<br>	at org.junit.runners.ParentRunner$2.evaluate(ParentRunner.java:268)<br>	at org.junit.runners.ParentRunner.run(ParentRunner.java:363)<br>	at junit.framework.JUnit4TestAdapter.run(JUnit4TestAdapter.java:38)<br>	at org.apache.tools.ant.taskdefs.optional.junit.JUnitTestRunner.run(JUnitTestRunner.java:532)<br>	at org.apache.tools.ant.taskdefs.optional.junit.JUnitTestRunner.launch(JUnitTestRunner.java:1179)<br>	at org.apache.tools.ant.taskdefs.optional.junit.JUnitTestRunner.main(JUnitTestRunner.java:1030)<br>
</code></td><td>54.090</td>
</tr>
<tr valign="top" class="Failure">
<td><a name="TOCarticle"></a>TOCarticle</td><td>Failure</td><td>Centerwell links not working properly on TOC Page: http://trs:radioshack@staging.livestrong.com/healthline/health/multiple-sclerosis/managing
<br>
<br>
<code>junit.framework.AssertionFailedError: Centerwell links not working properly on TOC Page: http://trs:radioshack@staging.livestrong.com/healthline/health/multiple-sclerosis/managing<br>
<br>	at org.junit.Assert.fail(Assert.java:88)<br>	at org.junit.Assert.assertTrue(Assert.java:41)<br>	at smoketest.LivestrongTest.TOCarticle(Unknown Source)<br>	at sun.reflect.NativeMethodAccessorImpl.invoke0(Native Method)<br>	at sun.reflect.NativeMethodAccessorImpl.invoke(NativeMethodAccessorImpl.java:62)<br>	at sun.reflect.DelegatingMethodAccessorImpl.invoke(DelegatingMethodAccessorImpl.java:43)<br>	at java.lang.reflect.Method.invoke(Method.java:498)<br>	at org.junit.runners.model.FrameworkMethod$1.runReflectiveCall(FrameworkMethod.java:50)<br>	at org.junit.internal.runners.model.ReflectiveCallable.run(ReflectiveCallable.java:12)<br>	at org.junit.runners.model.FrameworkMethod.invokeExplosively(FrameworkMethod.java:47)<br>	at org.junit.internal.runners.statements.InvokeMethod.evaluate(InvokeMethod.java:17)<br>	at org.junit.internal.runners.statements.RunBefores.evaluate(RunBefores.java:26)<br>	at org.junit.runners.ParentRunner.runLeaf(ParentRunner.java:325)<br>	at org.junit.runners.BlockJUnit4ClassRunner.runChild(BlockJUnit4ClassRunner.java:78)<br>	at org.junit.runners.BlockJUnit4ClassRunner.runChild(BlockJUnit4ClassRunner.java:57)<br>	at org.junit.runners.ParentRunner$3.run(ParentRunner.java:290)<br>	at org.junit.runners.ParentRunner$1.schedule(ParentRunner.java:71)<br>	at org.junit.runners.ParentRunner.runChildren(ParentRunner.java:288)<br>	at org.junit.runners.ParentRunner.access$000(ParentRunner.java:58)<br>	at org.junit.runners.ParentRunner$2.evaluate(ParentRunner.java:268)<br>	at org.junit.internal.runners.statements.RunBefores.evaluate(RunBefores.java:26)<br>	at org.junit.internal.runners.statements.RunAfters.evaluate(RunAfters.java:27)<br>	at org.junit.runners.ParentRunner.run(ParentRunner.java:363)<br>	at org.junit.runners.Suite.runChild(Suite.java:128)<br>	at org.junit.runners.Suite.runChild(Suite.java:27)<br>	at org.junit.runners.ParentRunner$3.run(ParentRunner.java:290)<br>	at org.junit.runners.ParentRunner$1.schedule(ParentRunner.java:71)<br>	at org.junit.runners.ParentRunner.runChildren(ParentRunner.java:288)<br>	at org.junit.runners.ParentRunner.access$000(ParentRunner.java:58)<br>	at org.junit.runners.ParentRunner$2.evaluate(ParentRunner.java:268)<br>	at org.junit.runners.ParentRunner.run(ParentRunner.java:363)<br>	at junit.framework.JUnit4TestAdapter.run(JUnit4TestAdapter.java:38)<br>	at org.apache.tools.ant.taskdefs.optional.junit.JUnitTestRunner.run(JUnitTestRunner.java:532)<br>	at org.apache.tools.ant.taskdefs.optional.junit.JUnitTestRunner.launch(JUnitTestRunner.java:1179)<br>	at org.apache.tools.ant.taskdefs.optional.junit.JUnitTestRunner.main(JUnitTestRunner.java:1030)<br>
</code></td><td>61.837</td>
</tr>
</table>
<div class="Properties">
<a href="javascript:displayProperties('smoketest.TestSuitelivestrong');">
                    Properties &raquo;
                </a>
</div>
<div class="Properties">
<a href="./0_TestSuitelivestrong-out.html">
                        System.out &raquo;
                    </a>
</div>
<div class="Properties">
<a href="./0_TestSuitelivestrong-err.html">
                        System.err &raquo;
                    </a>
</div>
</body>
</html>
