<html xmlns:string="xalan://java.lang.String" xmlns:lxslt="http://xml.apache.org/xslt">
<head>
<META http-equiv="Content-Type" content="text/html; charset=UTF-8">
<title>Unit Test Results: All Failures</title>
<link rel="stylesheet" type="text/css" title="Style" href="stylesheet.css">
</head>
<body onload="open('allclasses-frame.html','classListFrame')">
<h1>Unit Test Results.</h1>
<table width="100%">
<tr>
<td align="left"></td><td align="right">Designed for use with <a href="http://www.junit.org/">JUnit</a> and <a href="http://ant.apache.org/">Ant</a>.</td>
</tr>
</table>
<hr size="1">
<h2>All Failures</h2>
<table class="details" border="0" cellpadding="5" cellspacing="2" width="95%">
<tr valign="top">
<th>Class</th><th>Name</th><th>Status</th><th width="80%">Type</th><th nowrap>Time(s)</th>
</tr>
<tr valign="top" class="Failure">
<td><a href="smoketest/0_TestSuitelivestrong.html">TestSuitelivestrong</a></td><td><a name="Tabbedarticle"></a><a href="smoketest/0_TestSuitelivestrong.html#Tabbedarticle">Tabbedarticle</a></td><td>Failure</td><td>'Read This Next' section title is missing on Tabbed Article Page org.openqa.selenium.StaleElementReferenceException: stale element reference: element is not attached to the page document
  (Session info: chrome=61.0.3163.100)
  (Driver info: chromedriver=2.29.461591 (62ebf098771772160f391d75e589dc567915b233),platform=Windows NT 6.1.7601 SP1 x86_64) (WARNING: The server did not provide any stacktrace information)
Command duration or timeout: 41 milliseconds
For documentation on this error, please visit: http://seleniumhq.org/exceptions/stale_element_reference.html
Build info: version: '2.53.0', revision: '35ae25b', time: '2016-03-15 16:57:40'
System info: host: 'prodigy22-PC', ip: '192.168.1.151', os.name: 'Windows 7', os.arch: 'amd64', os.version: '6.1', java.version: '1.8.0_131'
Driver info: org.openqa.selenium.chrome.ChromeDriver
Capabilities [{applicationCacheEnabled=false, rotatable=false, mobileEmulationEnabled=false, networkConnectionEnabled=false, chrome={chromedriverVersion=2.29.461591 (62ebf098771772160f391d75e589dc567915b233), userDataDir=C:\Users\PRODIG~1\AppData\Local\Temp\scoped_dir9624_30261}, takesHeapSnapshot=true, pageLoadStrategy=normal, databaseEnabled=false, handlesAlerts=true, hasTouchScreen=false, version=61.0.3163.100, platform=XP, browserConnectionEnabled=false, nativeEvents=true, acceptSslCerts=true, locationContextEnabled=true, webStorageEnabled=true, browserName=chrome, takesScreenshot=true, javascriptEnabled=true, cssSelectorsEnabled=true, unexpectedAlertBehaviour=}]
Session ID: 9d13426377651ce950a6549c225d4b30
<br>
<br>
<code>junit.framework.AssertionFailedError: 'Read This Next' section title is missing on Tabbed Article Page org.openqa.selenium.StaleElementReferenceException: stale element reference: element is not attached to the page document<br>  (Session info: chrome=61.0.3163.100)<br>  (Driver info: chromedriver=2.29.461591 (62ebf098771772160f391d75e589dc567915b233),platform=Windows NT 6.1.7601 SP1 x86_64) (WARNING: The server did not provide any stacktrace information)<br>Command duration or timeout: 41 milliseconds<br>For documentation on this error, please visit: http://seleniumhq.org/exceptions/stale_element_reference.html<br>Build info: version: '2.53.0', revision: '35ae25b', time: '2016-03-15 16:57:40'<br>System info: host: 'prodigy22-PC', ip: '192.168.1.151', os.name: 'Windows 7', os.arch: 'amd64', os.version: '6.1', java.version: '1.8.0_131'<br>Driver info: org.openqa.selenium.chrome.ChromeDriver<br>Capabilities [{applicationCacheEnabled=false, rotatable=false, mobileEmulationEnabled=false, networkConnectionEnabled=false, chrome={chromedriverVersion=2.29.461591 (62ebf098771772160f391d75e589dc567915b233), userDataDir=C:\Users\PRODIG~1\AppData\Local\Temp\scoped_dir9624_30261}, takesHeapSnapshot=true, pageLoadStrategy=normal, databaseEnabled=false, handlesAlerts=true, hasTouchScreen=false, version=61.0.3163.100, platform=XP, browserConnectionEnabled=false, nativeEvents=true, acceptSslCerts=true, locationContextEnabled=true, webStorageEnabled=true, browserName=chrome, takesScreenshot=true, javascriptEnabled=true, cssSelectorsEnabled=true, unexpectedAlertBehaviour=}]<br>Session ID: 9d13426377651ce950a6549c225d4b30<br>
<br>	at org.junit.Assert.fail(Assert.java:88)<br>	at org.junit.Assert.assertTrue(Assert.java:41)<br>	at smoketest.LivestrongTest.Tabbedarticle(Unknown Source)<br>	at sun.reflect.NativeMethodAccessorImpl.invoke0(Native Method)<br>	at sun.reflect.NativeMethodAccessorImpl.invoke(NativeMethodAccessorImpl.java:62)<br>	at sun.reflect.DelegatingMethodAccessorImpl.invoke(DelegatingMethodAccessorImpl.java:43)<br>	at java.lang.reflect.Method.invoke(Method.java:498)<br>	at org.junit.runners.model.FrameworkMethod$1.runReflectiveCall(FrameworkMethod.java:50)<br>	at org.junit.internal.runners.model.ReflectiveCallable.run(ReflectiveCallable.java:12)<br>	at org.junit.runners.model.FrameworkMethod.invokeExplosively(FrameworkMethod.java:47)<br>	at org.junit.internal.runners.statements.InvokeMethod.evaluate(InvokeMethod.java:17)<br>	at org.junit.internal.runners.statements.RunBefores.evaluate(RunBefores.java:26)<br>	at org.junit.runners.ParentRunner.runLeaf(ParentRunner.java:325)<br>	at org.junit.runners.BlockJUnit4ClassRunner.runChild(BlockJUnit4ClassRunner.java:78)<br>	at org.junit.runners.BlockJUnit4ClassRunner.runChild(BlockJUnit4ClassRunner.java:57)<br>	at org.junit.runners.ParentRunner$3.run(ParentRunner.java:290)<br>	at org.junit.runners.ParentRunner$1.schedule(ParentRunner.java:71)<br>	at org.junit.runners.ParentRunner.runChildren(ParentRunner.java:288)<br>	at org.junit.runners.ParentRunner.access$000(ParentRunner.java:58)<br>	at org.junit.runners.ParentRunner$2.evaluate(ParentRunner.java:268)<br>	at org.junit.internal.runners.statements.RunBefores.evaluate(RunBefores.java:26)<br>	at org.junit.internal.runners.statements.RunAfters.evaluate(RunAfters.java:27)<br>	at org.junit.runners.ParentRunner.run(ParentRunner.java:363)<br>	at org.junit.runners.Suite.runChild(Suite.java:128)<br>	at org.junit.runners.Suite.runChild(Suite.java:27)<br>	at org.junit.runners.ParentRunner$3.run(ParentRunner.java:290)<br>	at org.junit.runners.ParentRunner$1.schedule(ParentRunner.java:71)<br>	at org.junit.runners.ParentRunner.runChildren(ParentRunner.java:288)<br>	at org.junit.runners.ParentRunner.access$000(ParentRunner.java:58)<br>	at org.junit.runners.ParentRunner$2.evaluate(ParentRunner.java:268)<br>	at org.junit.runners.ParentRunner.run(ParentRunner.java:363)<br>	at junit.framework.JUnit4TestAdapter.run(JUnit4TestAdapter.java:38)<br>	at org.apache.tools.ant.taskdefs.optional.junit.JUnitTestRunner.run(JUnitTestRunner.java:532)<br>	at org.apache.tools.ant.taskdefs.optional.junit.JUnitTestRunner.launch(JUnitTestRunner.java:1179)<br>	at org.apache.tools.ant.taskdefs.optional.junit.JUnitTestRunner.main(JUnitTestRunner.java:1030)<br>
</code></td><td>54.090</td>
</tr>
<tr valign="top" class="Failure">
<td><a href="smoketest/0_TestSuitelivestrong.html">TestSuitelivestrong</a></td><td><a name="TOCarticle"></a><a href="smoketest/0_TestSuitelivestrong.html#TOCarticle">TOCarticle</a></td><td>Failure</td><td>Centerwell links not working properly on TOC Page: http://trs:radioshack@staging.livestrong.com/healthline/health/multiple-sclerosis/managing
<br>
<br>
<code>junit.framework.AssertionFailedError: Centerwell links not working properly on TOC Page: http://trs:radioshack@staging.livestrong.com/healthline/health/multiple-sclerosis/managing<br>
<br>	at org.junit.Assert.fail(Assert.java:88)<br>	at org.junit.Assert.assertTrue(Assert.java:41)<br>	at smoketest.LivestrongTest.TOCarticle(Unknown Source)<br>	at sun.reflect.NativeMethodAccessorImpl.invoke0(Native Method)<br>	at sun.reflect.NativeMethodAccessorImpl.invoke(NativeMethodAccessorImpl.java:62)<br>	at sun.reflect.DelegatingMethodAccessorImpl.invoke(DelegatingMethodAccessorImpl.java:43)<br>	at java.lang.reflect.Method.invoke(Method.java:498)<br>	at org.junit.runners.model.FrameworkMethod$1.runReflectiveCall(FrameworkMethod.java:50)<br>	at org.junit.internal.runners.model.ReflectiveCallable.run(ReflectiveCallable.java:12)<br>	at org.junit.runners.model.FrameworkMethod.invokeExplosively(FrameworkMethod.java:47)<br>	at org.junit.internal.runners.statements.InvokeMethod.evaluate(InvokeMethod.java:17)<br>	at org.junit.internal.runners.statements.RunBefores.evaluate(RunBefores.java:26)<br>	at org.junit.runners.ParentRunner.runLeaf(ParentRunner.java:325)<br>	at org.junit.runners.BlockJUnit4ClassRunner.runChild(BlockJUnit4ClassRunner.java:78)<br>	at org.junit.runners.BlockJUnit4ClassRunner.runChild(BlockJUnit4ClassRunner.java:57)<br>	at org.junit.runners.ParentRunner$3.run(ParentRunner.java:290)<br>	at org.junit.runners.ParentRunner$1.schedule(ParentRunner.java:71)<br>	at org.junit.runners.ParentRunner.runChildren(ParentRunner.java:288)<br>	at org.junit.runners.ParentRunner.access$000(ParentRunner.java:58)<br>	at org.junit.runners.ParentRunner$2.evaluate(ParentRunner.java:268)<br>	at org.junit.internal.runners.statements.RunBefores.evaluate(RunBefores.java:26)<br>	at org.junit.internal.runners.statements.RunAfters.evaluate(RunAfters.java:27)<br>	at org.junit.runners.ParentRunner.run(ParentRunner.java:363)<br>	at org.junit.runners.Suite.runChild(Suite.java:128)<br>	at org.junit.runners.Suite.runChild(Suite.java:27)<br>	at org.junit.runners.ParentRunner$3.run(ParentRunner.java:290)<br>	at org.junit.runners.ParentRunner$1.schedule(ParentRunner.java:71)<br>	at org.junit.runners.ParentRunner.runChildren(ParentRunner.java:288)<br>	at org.junit.runners.ParentRunner.access$000(ParentRunner.java:58)<br>	at org.junit.runners.ParentRunner$2.evaluate(ParentRunner.java:268)<br>	at org.junit.runners.ParentRunner.run(ParentRunner.java:363)<br>	at junit.framework.JUnit4TestAdapter.run(JUnit4TestAdapter.java:38)<br>	at org.apache.tools.ant.taskdefs.optional.junit.JUnitTestRunner.run(JUnitTestRunner.java:532)<br>	at org.apache.tools.ant.taskdefs.optional.junit.JUnitTestRunner.launch(JUnitTestRunner.java:1179)<br>	at org.apache.tools.ant.taskdefs.optional.junit.JUnitTestRunner.main(JUnitTestRunner.java:1030)<br>
</code></td><td>61.837</td>
</tr>
</table>
</body>
</html>
