<html xmlns:string="xalan://java.lang.String" xmlns:lxslt="http://xml.apache.org/xslt">
<head>
<META http-equiv="Content-Type" content="text/html; charset=UTF-8">
<title>Unit Test Results: All Failures</title>
<link rel="stylesheet" type="text/css" title="Style" href="stylesheet.css">
</head>
<body onload="open('allclasses-frame.html','classListFrame')">
<h1>Unit Test Results.</h1>
<table width="100%">
<tr>
<td align="left"></td><td align="right">Designed for use with <a href="http://www.junit.org/">JUnit</a> and <a href="http://ant.apache.org/">Ant</a>.</td>
</tr>
</table>
<hr size="1">
<h2>All Failures</h2>
<table class="details" border="0" cellpadding="5" cellspacing="2" width="95%">
<tr valign="top">
<th>Class</th><th>Name</th><th>Status</th><th width="80%">Type</th><th nowrap>Time(s)</th>
</tr>
<tr valign="top" class="Failure">
<td><a href="SmokeTest/0_TestSuitehl.html">TestSuitehl</a></td><td><a name="FDA"></a><a href="SmokeTest/0_TestSuitehl.html#FDA">FDA</a></td><td>Failure</td><td>On http://sfc-stage02.healthline.com/health/fda Broken link http://sfc-stage02.healthline.com/health/fda/fda-strengthens-warning-heart-attack-stroke-risk-nonsteroidal-antiinflammatory-drugs status = 404
Title missing on http://sfc-stage02.healthline.com/health/fda/mammography-what-you-need-to-knoworg.openqa.selenium.NoSuchElementException: no such element: Unable to locate element: {"method":"class name","selector":"hl-title-area"}
  (Session info: chrome=57.0.2987.133)
  (Driver info: chromedriver=2.29.461591 (62ebf098771772160f391d75e589dc567915b233),platform=Windows NT 6.1.7601 SP1 x86_64) (WARNING: The server did not provide any stacktrace information)
Command duration or timeout: 41 milliseconds
For documentation on this error, please visit: http://seleniumhq.org/exceptions/no_such_element.html
Build info: version: '2.52.0', revision: '4c2593c', time: '2016-02-11 19:03:33'
System info: host: 'prodigy22-PC', ip: '192.9.212.22', os.name: 'Windows 7', os.arch: 'x86', os.version: '6.1', java.version: '1.7.0_79'
*** Element info: {Using=class name, value=hl-title-area}
Session ID: 1a8cf42b0c0d287e49fedb8bd9052ff6
Driver info: org.openqa.selenium.chrome.ChromeDriver
Capabilities [{platform=XP, acceptSslCerts=true, javascriptEnabled=true, browserName=chrome, chrome={userDataDir=C:\Users\PRODIG~1\AppData\Local\Temp\scoped_dir5592_5180, chromedriverVersion=2.29.461591 (62ebf098771772160f391d75e589dc567915b233)}, networkConnectionEnabled=false, unexpectedAlertBehaviour=, rotatable=false, locationContextEnabled=true, mobileEmulationEnabled=false, version=57.0.2987.133, pageLoadStrategy=normal, takesHeapSnapshot=true, cssSelectorsEnabled=true, databaseEnabled=false, handlesAlerts=true, browserConnectionEnabled=false, webStorageEnabled=true, nativeEvents=true, hasTouchScreen=false, applicationCacheEnabled=false, takesScreenshot=true}]
<br>
<br>
<code>junit.framework.AssertionFailedError: On http://sfc-stage02.healthline.com/health/fda Broken link http://sfc-stage02.healthline.com/health/fda/fda-strengthens-warning-heart-attack-stroke-risk-nonsteroidal-antiinflammatory-drugs status = 404<br>Title missing on http://sfc-stage02.healthline.com/health/fda/mammography-what-you-need-to-knoworg.openqa.selenium.NoSuchElementException: no such element: Unable to locate element: {"method":"class name","selector":"hl-title-area"}<br>  (Session info: chrome=57.0.2987.133)<br>  (Driver info: chromedriver=2.29.461591 (62ebf098771772160f391d75e589dc567915b233),platform=Windows NT 6.1.7601 SP1 x86_64) (WARNING: The server did not provide any stacktrace information)<br>Command duration or timeout: 41 milliseconds<br>For documentation on this error, please visit: http://seleniumhq.org/exceptions/no_such_element.html<br>Build info: version: '2.52.0', revision: '4c2593c', time: '2016-02-11 19:03:33'<br>System info: host: 'prodigy22-PC', ip: '192.9.212.22', os.name: 'Windows 7', os.arch: 'x86', os.version: '6.1', java.version: '1.7.0_79'<br>*** Element info: {Using=class name, value=hl-title-area}<br>Session ID: 1a8cf42b0c0d287e49fedb8bd9052ff6<br>Driver info: org.openqa.selenium.chrome.ChromeDriver<br>Capabilities [{platform=XP, acceptSslCerts=true, javascriptEnabled=true, browserName=chrome, chrome={userDataDir=C:\Users\PRODIG~1\AppData\Local\Temp\scoped_dir5592_5180, chromedriverVersion=2.29.461591 (62ebf098771772160f391d75e589dc567915b233)}, networkConnectionEnabled=false, unexpectedAlertBehaviour=, rotatable=false, locationContextEnabled=true, mobileEmulationEnabled=false, version=57.0.2987.133, pageLoadStrategy=normal, takesHeapSnapshot=true, cssSelectorsEnabled=true, databaseEnabled=false, handlesAlerts=true, browserConnectionEnabled=false, webStorageEnabled=true, nativeEvents=true, hasTouchScreen=false, applicationCacheEnabled=false, takesScreenshot=true}]<br>
<br>	at org.junit.Assert.fail(Assert.java:88)<br>	at org.junit.Assert.assertTrue(Assert.java:41)<br>	at SmokeTest.HealthlineTestProd.FDA(Unknown Source)<br>	at sun.reflect.NativeMethodAccessorImpl.invoke0(Native Method)<br>	at sun.reflect.NativeMethodAccessorImpl.invoke(NativeMethodAccessorImpl.java:57)<br>	at sun.reflect.DelegatingMethodAccessorImpl.invoke(DelegatingMethodAccessorImpl.java:43)<br>	at java.lang.reflect.Method.invoke(Method.java:606)<br>	at org.junit.runners.model.FrameworkMethod$1.runReflectiveCall(FrameworkMethod.java:50)<br>	at org.junit.internal.runners.model.ReflectiveCallable.run(ReflectiveCallable.java:12)<br>	at org.junit.runners.model.FrameworkMethod.invokeExplosively(FrameworkMethod.java:47)<br>	at org.junit.internal.runners.statements.InvokeMethod.evaluate(InvokeMethod.java:17)<br>	at org.junit.internal.runners.statements.RunBefores.evaluate(RunBefores.java:26)<br>	at org.junit.runners.ParentRunner.runLeaf(ParentRunner.java:325)<br>	at org.junit.runners.BlockJUnit4ClassRunner.runChild(BlockJUnit4ClassRunner.java:78)<br>	at org.junit.runners.BlockJUnit4ClassRunner.runChild(BlockJUnit4ClassRunner.java:57)<br>	at org.junit.runners.ParentRunner$3.run(ParentRunner.java:290)<br>	at org.junit.runners.ParentRunner$1.schedule(ParentRunner.java:71)<br>	at org.junit.runners.ParentRunner.runChildren(ParentRunner.java:288)<br>	at org.junit.runners.ParentRunner.access$000(ParentRunner.java:58)<br>	at org.junit.runners.ParentRunner$2.evaluate(ParentRunner.java:268)<br>	at org.junit.internal.runners.statements.RunBefores.evaluate(RunBefores.java:26)<br>	at org.junit.internal.runners.statements.RunAfters.evaluate(RunAfters.java:27)<br>	at org.junit.runners.ParentRunner.run(ParentRunner.java:363)<br>	at org.junit.runners.Suite.runChild(Suite.java:128)<br>	at org.junit.runners.Suite.runChild(Suite.java:27)<br>	at org.junit.runners.ParentRunner$3.run(ParentRunner.java:290)<br>	at org.junit.runners.ParentRunner$1.schedule(ParentRunner.java:71)<br>	at org.junit.runners.ParentRunner.runChildren(ParentRunner.java:288)<br>	at org.junit.runners.ParentRunner.access$000(ParentRunner.java:58)<br>	at org.junit.runners.ParentRunner$2.evaluate(ParentRunner.java:268)<br>	at org.junit.runners.ParentRunner.run(ParentRunner.java:363)<br>	at junit.framework.JUnit4TestAdapter.run(JUnit4TestAdapter.java:38)<br>	at org.apache.tools.ant.taskdefs.optional.junit.JUnitTestRunner.run(JUnitTestRunner.java:532)<br>	at org.apache.tools.ant.taskdefs.optional.junit.JUnitTestRunner.launch(JUnitTestRunner.java:1179)<br>	at org.apache.tools.ant.taskdefs.optional.junit.JUnitTestRunner.main(JUnitTestRunner.java:1030)<br>
</code></td><td>22.204</td>
</tr>
</table>
</body>
</html>
