<html xmlns:string="xalan://java.lang.String" xmlns:lxslt="http://xml.apache.org/xslt">
<head>
<META http-equiv="Content-Type" content="text/html; charset=UTF-8">
<title>Unit Test Results: SmokeTest.TestSuitehl</title>
<link rel="stylesheet" type="text/css" title="Style" href="../stylesheet.css">
<script type="text/javascript" language="JavaScript">
        var TestCases = new Array();
        var cur;
        
    cur = TestCases['SmokeTest.TestSuitehl'] = new Array();
    
        cur['ant.core.lib'] = 'D:\\apache-ant-1.9.4\\lib\\ant.jar';
    
        cur['ant.file'] = 'E:\\SmokeTest\\build.xml';
    
        cur['ant.file.healthline'] = 'E:\\SmokeTest\\build.xml';
    
        cur['ant.file.type'] = 'file';
    
        cur['ant.file.type.healthline'] = 'file';
    
        cur['ant.home'] = 'D:\\apache-ant-1.9.4';
    
        cur['ant.java.version'] = '1.7';
    
        cur['ant.library.dir'] = 'D:\\apache-ant-1.9.4\\lib';
    
        cur['ant.project.default-target'] = 'hl_prod';
    
        cur['ant.project.invoked-targets'] = 'hl_stage02';
    
        cur['ant.project.name'] = 'healthline';
    
        cur['ant.version'] = 'Apache Ant(TM) version 1.9.4 compiled on April 29 2014';
    
        cur['awt.toolkit'] = 'sun.awt.windows.WToolkit';
    
        cur['basedir'] = 'E:\\SmokeTest';
    
        cur['build'] = 'E:\\SmokeTest\\build';
    
        cur['build.classes'] = 'E:\\SmokeTest\\build\\classes';
    
        cur['file.encoding'] = 'Cp1252';
    
        cur['file.encoding.pkg'] = 'sun.io';
    
        cur['file.separator'] = '\\';
    
        cur['height'] = '778';
    
        cur['java.awt.graphicsenv'] = 'sun.awt.Win32GraphicsEnvironment';
    
        cur['java.awt.printerjob'] = 'sun.awt.windows.WPrinterJob';
    
        cur['java.class.path'] = 'E:\\SmokeTest\\lib\\selenium-java-2.52.0.jar;E:\\SmokeTest\\lib\\selenium-server-standalone-2.52.0.jar;E:\\SmokeTest\\build\\classes;D:\\apache-ant-1.9.4\\lib\\ant-launcher.jar;D:\\apache-ant-1.9.4\\lib\\ant.jar;D:\\apache-ant-1.9.4\\lib\\ant-junit.jar;D:\\apache-ant-1.9.4\\lib\\ant-junit4.jar';
    
        cur['java.class.version'] = '51.0';
    
        cur['java.endorsed.dirs'] = 'C:\\Program Files (x86)\\Java\\jdk1.7.0_79\\jre\\lib\\endorsed';
    
        cur['java.ext.dirs'] = 'C:\\Program Files (x86)\\Java\\jdk1.7.0_79\\jre\\lib\\ext;C:\\Windows\\Sun\\Java\\lib\\ext';
    
        cur['java.home'] = 'C:\\Program Files (x86)\\Java\\jdk1.7.0_79\\jre';
    
        cur['java.io.tmpdir'] = 'C:\\Users\\PRODIG~1\\AppData\\Local\\Temp\\';
    
        cur['java.library.path'] = 'C:\\Program Files (x86)\\Java\\jdk1.7.0_79\\jre\\bin;C:\\Windows\\Sun\\Java\\bin;C:\\Windows\\system32;C:\\Windows;D:\\app\\prodigy21\\product\\11.2.0\\dbhome_1\\bin;C:\\Windows\\system32;C:\\Windows;C:\\Windows\\System32\\Wbem;C:\\Windows\\System32\\WindowsPowerShell\\v1.0\\;C:\\Program Files (x86)\\Microsoft SQL Server\\90\\Tools\\binn\\;C:\\Program Files (x86)\\Microsoft SQL Server\\80\\Tools\\BINN;D:\\apache-ant-1.9.4\\bin;C:\\Program Files\\OpenVPN\\bin;C:\\Program Files (x86)\\Java\\jdk1.7.0_79\\bin;C:\\Program Files\\Git\\cmd;C:\\Program Files\\Git\\mingw64\\bin;C:\\Program Files\\Git\\usr\\bin;.';
    
        cur['java.runtime.name'] = 'Java(TM) SE Runtime Environment';
    
        cur['java.runtime.version'] = '1.7.0_79-b15';
    
        cur['java.specification.name'] = 'Java Platform API Specification';
    
        cur['java.specification.vendor'] = 'Oracle Corporation';
    
        cur['java.specification.version'] = '1.7';
    
        cur['java.vendor'] = 'Oracle Corporation';
    
        cur['java.vendor.url'] = 'http://java.oracle.com/';
    
        cur['java.vendor.url.bug'] = 'http://bugreport.sun.com/bugreport/';
    
        cur['java.version'] = '1.7.0_79';
    
        cur['java.vm.info'] = 'mixed mode';
    
        cur['java.vm.name'] = 'Java HotSpot(TM) Client VM';
    
        cur['java.vm.specification.name'] = 'Java Virtual Machine Specification';
    
        cur['java.vm.specification.vendor'] = 'Oracle Corporation';
    
        cur['java.vm.specification.version'] = '1.7';
    
        cur['java.vm.vendor'] = 'Oracle Corporation';
    
        cur['java.vm.version'] = '24.79-b02';
    
        cur['lib'] = 'E:\\SmokeTest\\lib';
    
        cur['line.separator'] = '\r\n';
    
        cur['os.arch'] = 'x86';
    
        cur['os.name'] = 'Windows 7';
    
        cur['os.version'] = '6.1';
    
        cur['path.separator'] = ';';
    
        cur['sun.arch.data.model'] = '32';
    
        cur['sun.boot.class.path'] = 'C:\\Program Files (x86)\\Java\\jdk1.7.0_79\\jre\\lib\\resources.jar;C:\\Program Files (x86)\\Java\\jdk1.7.0_79\\jre\\lib\\rt.jar;C:\\Program Files (x86)\\Java\\jdk1.7.0_79\\jre\\lib\\sunrsasign.jar;C:\\Program Files (x86)\\Java\\jdk1.7.0_79\\jre\\lib\\jsse.jar;C:\\Program Files (x86)\\Java\\jdk1.7.0_79\\jre\\lib\\jce.jar;C:\\Program Files (x86)\\Java\\jdk1.7.0_79\\jre\\lib\\charsets.jar;C:\\Program Files (x86)\\Java\\jdk1.7.0_79\\jre\\lib\\jfr.jar;C:\\Program Files (x86)\\Java\\jdk1.7.0_79\\jre\\classes';
    
        cur['sun.boot.library.path'] = 'C:\\Program Files (x86)\\Java\\jdk1.7.0_79\\jre\\bin';
    
        cur['sun.cpu.endian'] = 'little';
    
        cur['sun.cpu.isalist'] = 'pentium_pro+mmx pentium_pro pentium+mmx pentium i486 i386 i86';
    
        cur['sun.desktop'] = 'windows';
    
        cur['sun.io.unicode.encoding'] = 'UnicodeLittle';
    
        cur['sun.java.command'] = 'org.apache.tools.ant.taskdefs.optional.junit.JUnitTestRunner SmokeTest.TestSuitehl skipNonTests=false filtertrace=false haltOnError=false haltOnFailure=false showoutput=false outputtoformatters=true logfailedtests=true threadid=0 logtestlistenerevents=false formatter=org.apache.tools.ant.taskdefs.optional.junit.XMLJUnitResultFormatter,E:\\SmokeTest\\reports\\hlstage02\\TEST-SmokeTest.TestSuitehl.xml crashfile=E:\\SmokeTest\\junitvmwatcher8557056407738767518.properties propsfile=E:\\SmokeTest\\junit1965462545638228018.properties';
    
        cur['sun.java.launcher'] = 'SUN_STANDARD';
    
        cur['sun.jnu.encoding'] = 'Cp1252';
    
        cur['sun.management.compiler'] = 'HotSpot Client Compiler';
    
        cur['sun.os.patch.level'] = 'Service Pack 1';
    
        cur['test.reports'] = 'E:\\SmokeTest\\reports';
    
        cur['test.reports.hlprod'] = 'E:\\SmokeTest\\reports\\hlprod';
    
        cur['test.reports.hlstage01'] = 'E:\\SmokeTest\\reports\\hlstage01';
    
        cur['test.reports.hlstage02'] = 'E:\\SmokeTest\\reports\\hlstage02';
    
        cur['test.reports.njcweb01'] = 'E:\\SmokeTest\\reports\\njcweb01';
    
        cur['test.reports.sfcweb01'] = 'E:\\SmokeTest\\reports\\sfcweb01';
    
        cur['test.src'] = 'E:\\SmokeTest\\src';
    
        cur['user.country'] = 'US';
    
        cur['user.dir'] = 'E:\\SmokeTest';
    
        cur['user.home'] = 'C:\\Users\\prodigy21';
    
        cur['user.language'] = 'en';
    
        cur['user.name'] = 'prodigy21';
    
        cur['user.script'] = '';
    
        cur['user.timezone'] = '';
    
        cur['user.variant'] = '';
    
        cur['width'] = '1240';
    </script><script type="text/javascript" language="JavaScript">
        function displayProperties (name) {
          var win = window.open('','JUnitSystemProperties','scrollbars=1,resizable=1');
          var doc = win.document;
          doc.open();
          doc.write("<html><head><title>Properties of " + name + "</title>");
          doc.write("<style type=\"text/css\">");
          doc.write("body {font:normal 68% verdana,arial,helvetica; color:#000000; }");
          doc.write("table tr td, table tr th { font-size: 68%; }");
          doc.write("table.properties { border-collapse:collapse; border-left:solid 1 #cccccc; border-top:solid 1 #cccccc; padding:5px; }");
          doc.write("table.properties th { text-align:left; border-right:solid 1 #cccccc; border-bottom:solid 1 #cccccc; background-color:#eeeeee; }");
          doc.write("table.properties td { font:normal; text-align:left; border-right:solid 1 #cccccc; border-bottom:solid 1 #cccccc; background-color:#fffffff; }");
          doc.write("h3 { margin-bottom: 0.5em; font: bold 115% verdana,arial,helvetica }");
          doc.write("</style>");
          doc.write("</head><body>");
          doc.write("<h3>Properties of " + name + "</h3>");
          doc.write("<div align=\"right\"><a href=\"javascript:window.close();\">Close</a></div>");
          doc.write("<table class='properties'>");
          doc.write("<tr><th>Name</th><th>Value</th></tr>");
          for (prop in TestCases[name]) {
            doc.write("<tr><th>" + prop + "</th><td>" + TestCases[name][prop] + "</td></tr>");
          }
          doc.write("</table>");
          doc.write("</body></html>");
          doc.close();
          win.focus();
        }
      
      </script>
</head>
<body>
<h1>Unit Test Results.</h1>
<table width="100%">
<tr>
<td align="left"></td><td align="right">Designed for use with <a href="http://www.junit.org/">JUnit</a> and <a href="http://ant.apache.org/">Ant</a>.</td>
</tr>
</table>
<hr size="1">
<h3>Class SmokeTest.TestSuitehl</h3>
<table class="details" border="0" cellpadding="5" cellspacing="2" width="95%">
<tr valign="top">
<th width="80%">Name</th><th>Tests</th><th>Errors</th><th>Failures</th><th>Skipped</th><th nowrap>Time(s)</th><th nowrap>Time Stamp</th><th>Host</th>
</tr>
<tr valign="top" class="Failure">
<td><a title="Display all tests" href="0_TestSuitehl.html">TestSuitehl</a></td><td><a title="Display all tests" href="0_TestSuitehl.html">16</a></td><td>0</td><td><a title="Display only failures" href="0_TestSuitehl-fails.html">1</a></td><td><a title="Display only skipped tests" href="0_TestSuitehl-skipped.html">1</a></td><td>1287.449</td><td>2017-05-04T05:38:37</td><td>prodigy22-PC</td>
</tr>
</table>
<h2>Failures</h2>
<table class="details" border="0" cellpadding="5" cellspacing="2" width="95%">
<tr valign="top">
<th>Name</th><th>Status</th><th width="80%">Type</th><th nowrap>Time(s)</th>
</tr>
<tr valign="top" class="Failure">
<td><a name="FDA"></a>FDA</td><td>Failure</td><td>On http://sfc-stage02.healthline.com/health/fda Broken link http://sfc-stage02.healthline.com/health/fda/fda-strengthens-warning-heart-attack-stroke-risk-nonsteroidal-antiinflammatory-drugs status = 404
Title missing on http://sfc-stage02.healthline.com/health/fda/mammography-what-you-need-to-knoworg.openqa.selenium.NoSuchElementException: no such element: Unable to locate element: {"method":"class name","selector":"hl-title-area"}
  (Session info: chrome=57.0.2987.133)
  (Driver info: chromedriver=2.29.461591 (62ebf098771772160f391d75e589dc567915b233),platform=Windows NT 6.1.7601 SP1 x86_64) (WARNING: The server did not provide any stacktrace information)
Command duration or timeout: 41 milliseconds
For documentation on this error, please visit: http://seleniumhq.org/exceptions/no_such_element.html
Build info: version: '2.52.0', revision: '4c2593c', time: '2016-02-11 19:03:33'
System info: host: 'prodigy22-PC', ip: '192.9.212.22', os.name: 'Windows 7', os.arch: 'x86', os.version: '6.1', java.version: '1.7.0_79'
*** Element info: {Using=class name, value=hl-title-area}
Session ID: 1a8cf42b0c0d287e49fedb8bd9052ff6
Driver info: org.openqa.selenium.chrome.ChromeDriver
Capabilities [{platform=XP, acceptSslCerts=true, javascriptEnabled=true, browserName=chrome, chrome={userDataDir=C:\Users\PRODIG~1\AppData\Local\Temp\scoped_dir5592_5180, chromedriverVersion=2.29.461591 (62ebf098771772160f391d75e589dc567915b233)}, networkConnectionEnabled=false, unexpectedAlertBehaviour=, rotatable=false, locationContextEnabled=true, mobileEmulationEnabled=false, version=57.0.2987.133, pageLoadStrategy=normal, takesHeapSnapshot=true, cssSelectorsEnabled=true, databaseEnabled=false, handlesAlerts=true, browserConnectionEnabled=false, webStorageEnabled=true, nativeEvents=true, hasTouchScreen=false, applicationCacheEnabled=false, takesScreenshot=true}]
<br>
<br>
<code>junit.framework.AssertionFailedError: On http://sfc-stage02.healthline.com/health/fda Broken link http://sfc-stage02.healthline.com/health/fda/fda-strengthens-warning-heart-attack-stroke-risk-nonsteroidal-antiinflammatory-drugs status = 404<br>Title missing on http://sfc-stage02.healthline.com/health/fda/mammography-what-you-need-to-knoworg.openqa.selenium.NoSuchElementException: no such element: Unable to locate element: {"method":"class name","selector":"hl-title-area"}<br>  (Session info: chrome=57.0.2987.133)<br>  (Driver info: chromedriver=2.29.461591 (62ebf098771772160f391d75e589dc567915b233),platform=Windows NT 6.1.7601 SP1 x86_64) (WARNING: The server did not provide any stacktrace information)<br>Command duration or timeout: 41 milliseconds<br>For documentation on this error, please visit: http://seleniumhq.org/exceptions/no_such_element.html<br>Build info: version: '2.52.0', revision: '4c2593c', time: '2016-02-11 19:03:33'<br>System info: host: 'prodigy22-PC', ip: '192.9.212.22', os.name: 'Windows 7', os.arch: 'x86', os.version: '6.1', java.version: '1.7.0_79'<br>*** Element info: {Using=class name, value=hl-title-area}<br>Session ID: 1a8cf42b0c0d287e49fedb8bd9052ff6<br>Driver info: org.openqa.selenium.chrome.ChromeDriver<br>Capabilities [{platform=XP, acceptSslCerts=true, javascriptEnabled=true, browserName=chrome, chrome={userDataDir=C:\Users\PRODIG~1\AppData\Local\Temp\scoped_dir5592_5180, chromedriverVersion=2.29.461591 (62ebf098771772160f391d75e589dc567915b233)}, networkConnectionEnabled=false, unexpectedAlertBehaviour=, rotatable=false, locationContextEnabled=true, mobileEmulationEnabled=false, version=57.0.2987.133, pageLoadStrategy=normal, takesHeapSnapshot=true, cssSelectorsEnabled=true, databaseEnabled=false, handlesAlerts=true, browserConnectionEnabled=false, webStorageEnabled=true, nativeEvents=true, hasTouchScreen=false, applicationCacheEnabled=false, takesScreenshot=true}]<br>
<br>	at org.junit.Assert.fail(Assert.java:88)<br>	at org.junit.Assert.assertTrue(Assert.java:41)<br>	at SmokeTest.HealthlineTestProd.FDA(Unknown Source)<br>	at sun.reflect.NativeMethodAccessorImpl.invoke0(Native Method)<br>	at sun.reflect.NativeMethodAccessorImpl.invoke(NativeMethodAccessorImpl.java:57)<br>	at sun.reflect.DelegatingMethodAccessorImpl.invoke(DelegatingMethodAccessorImpl.java:43)<br>	at java.lang.reflect.Method.invoke(Method.java:606)<br>	at org.junit.runners.model.FrameworkMethod$1.runReflectiveCall(FrameworkMethod.java:50)<br>	at org.junit.internal.runners.model.ReflectiveCallable.run(ReflectiveCallable.java:12)<br>	at org.junit.runners.model.FrameworkMethod.invokeExplosively(FrameworkMethod.java:47)<br>	at org.junit.internal.runners.statements.InvokeMethod.evaluate(InvokeMethod.java:17)<br>	at org.junit.internal.runners.statements.RunBefores.evaluate(RunBefores.java:26)<br>	at org.junit.runners.ParentRunner.runLeaf(ParentRunner.java:325)<br>	at org.junit.runners.BlockJUnit4ClassRunner.runChild(BlockJUnit4ClassRunner.java:78)<br>	at org.junit.runners.BlockJUnit4ClassRunner.runChild(BlockJUnit4ClassRunner.java:57)<br>	at org.junit.runners.ParentRunner$3.run(ParentRunner.java:290)<br>	at org.junit.runners.ParentRunner$1.schedule(ParentRunner.java:71)<br>	at org.junit.runners.ParentRunner.runChildren(ParentRunner.java:288)<br>	at org.junit.runners.ParentRunner.access$000(ParentRunner.java:58)<br>	at org.junit.runners.ParentRunner$2.evaluate(ParentRunner.java:268)<br>	at org.junit.internal.runners.statements.RunBefores.evaluate(RunBefores.java:26)<br>	at org.junit.internal.runners.statements.RunAfters.evaluate(RunAfters.java:27)<br>	at org.junit.runners.ParentRunner.run(ParentRunner.java:363)<br>	at org.junit.runners.Suite.runChild(Suite.java:128)<br>	at org.junit.runners.Suite.runChild(Suite.java:27)<br>	at org.junit.runners.ParentRunner$3.run(ParentRunner.java:290)<br>	at org.junit.runners.ParentRunner$1.schedule(ParentRunner.java:71)<br>	at org.junit.runners.ParentRunner.runChildren(ParentRunner.java:288)<br>	at org.junit.runners.ParentRunner.access$000(ParentRunner.java:58)<br>	at org.junit.runners.ParentRunner$2.evaluate(ParentRunner.java:268)<br>	at org.junit.runners.ParentRunner.run(ParentRunner.java:363)<br>	at junit.framework.JUnit4TestAdapter.run(JUnit4TestAdapter.java:38)<br>	at org.apache.tools.ant.taskdefs.optional.junit.JUnitTestRunner.run(JUnitTestRunner.java:532)<br>	at org.apache.tools.ant.taskdefs.optional.junit.JUnitTestRunner.launch(JUnitTestRunner.java:1179)<br>	at org.apache.tools.ant.taskdefs.optional.junit.JUnitTestRunner.main(JUnitTestRunner.java:1030)<br>
</code></td><td>22.204</td>
</tr>
</table>
<div class="Properties">
<a href="javascript:displayProperties('SmokeTest.TestSuitehl');">
                    Properties &raquo;
                </a>
</div>
<div class="Properties">
<a href="./0_TestSuitehl-out.html">
                        System.out &raquo;
                    </a>
</div>
<div class="Properties">
<a href="./0_TestSuitehl-err.html">
                        System.err &raquo;
                    </a>
</div>
</body>
</html>
